               EOD Report              
               ----------              

Date : 11-10-2022           Time : 18:45
Clerk : 411
               EOD REPORT              
               ----------              
        Machine Wise Cash Report       
        ------------------------       
Date : 11-10-2022           Time : 18:45
----------------------------------------
Mach#       Qty                   Amount
----------------------------------------
1            60                  6612.23
2            62                  8751.39
3            14                   453.60
----------------------------------------
                     Total :    15817.22
                 Total Tax :    -2303.57
                             -----------
               Grand Total :    13513.65
                                        
               EOD REPORT              
               ----------              
        CASH REPORT ALL MACHINES       
        ------------------------       
Date : 11-10-2022           Time : 18:45
----------------------------------------
Description            Qty     Amount
----------------------------------------
CASH IN
-------
Sales                  114       9812.52
VISA CARD                3       3087.15
MASTER CARD             11       2350.08
MOBILE MONEY             5        726.20
Coupon Discount          0          0.00
% Plus                   0          0.00
Total Advance            0          0.00
Manual Plus              0          0.00
                            ------------
             Total Cash In:     15975.95
                            ------------
Gift Voucher             0          0.00
CASH OUT
--------
% Minus                 11       -158.73
Adv Recovered            0          0.00
Manual Minus             0          0.00
Item Refund              0          0.00
Dept.Refund              0          0.00
Credit Note Recall       0          0.00
                            ------------
            TOTAL CASH OUT :     -158.73
----------------------------------------
Net Cash        :                9653.79
Net Fx          :                   0.00
Net Cash Adv    :                   0.00
                            ------------
Total Cash      :                9653.79
                            ------------
Net Credit Card :                6163.43
Adv Credit Card :                   0.00
                            ------------
           *Net Collection :    15817.22
                 Total Tax :    -2303.57
                             -----------
               Total Sales :    13513.65
                                        
----------------------------------------
OTHERS
------
Credit Note Issued :                0.00
                                        
----------------------------------------
TAX#      RATE  TAXABLE AMT      TAX AMT
---- --------- ------------ ------------
V5      13.25%    11,966.60     1,585.58
V0          0%     1,971.73         0.00
V4          1%    11,966.60       119.67
V2        2.5%    11,966.60       299.17
V3        2.5%    11,966.60       299.17
----------------------------------------
             Total Taxable :    11966.60
                 Total Tax :     2303.57
                            ------------
              Total Amount :    14270.18
        Non-Taxable Amount :     1971.73
                            ------------
                     Total :    16241.91
                                        
               EOD REPORT              
               ----------              
  Department Sales Report All Machines 
  ------------------------------------ 
Date : 11-10-2022           Time : 18:45
----------------------------------------
Dept Name        QTY   AMOUNT      %Sale
----------------------------------------
BEVERAGES          117     769.41   4.82
FRUITS & VEGETABL  166    1151.35   7.21
BAKERY  CAKE & DA   65    1144.76   7.17
ALCOHOL             17     249.33   1.56
BEAUTY & HYGIENE    20     244.11   1.53
STATIONARIES        16      62.34   0.39
POOJA NEEDS         25     270.41   1.69
PARTY ITEMS          1       6.05   0.04
KITCHEN WARE        10     485.71   3.04
HOME NEEDS          28     535.73   3.35
TOYS                 6     215.63   1.35
ELECTRONICS          5     945.26   5.92
BABY CARE            3     171.82   1.08
EGG MEAT & FISH     20    1101.62   6.90
PROMOTIONAL ITEMS   32      59.40   0.37
FOOD GRAIN OIL     163    6077.06  38.04
SNACKS &BRANED FO  219    1469.57   9.20
CLEANING &HOUSEHO   32     621.95   3.89
KITCHEN GARDEN &P    3     256.88   1.61
GOURMET &WORLD FO    7     137.56   0.86
---------------- ----- ---------- ------
                         15975.95 100.00
Discount                  -158.73
Total Tax                -2303.57
                       ----------
Total Sale               13513.65
----------------------------------------
*Sales may not tally with Collections
if Credit Note is included
                                        
               EOD REPORT              
               ----------              
       Transaction Report Mach# 3      
       --------------------------      
Date : 11-10-2022           Time : 18:45
----------------------------------------
Description            Qty     Amount
----------------------------------------
Discounts Minus         11       -158.73
Discounts Plus           0          0.00
Refund                   0          0.00
Cancelled Bills          0          0.00
Credit Note Recall       0          0.00
Credit Note Issued       0          0.00
Dept.Refund              0          0.00
Void                     6      -3184.34
House Sales              0          0.00
Wastage                  0          0.00
Branch Transfer          0          0.00
Customer Sales           0          0.00
Customer Payments        0          0.00
----------------------------------------
Total :                          -3343.07
Number of Customer     131
        Gross Sales All Machines       
        ------------------------       
Date : 11-10-2022           Time : 18:46
---- ----------- ----------- -----------
Mach Gross Sales GS - Dedct. Net Sales  
---- ----------- ----------- -----------
1        6689.84      -77.61     6612.23
2        8832.51      -81.12     8751.39
3         453.60        0.00      453.60
----------------------------------------
        15975.95     -158.73    15817.22
----------------------------------------
                 Total Tax :    -2303.57
                             -----------
               Total Sales :    13513.65
----------------------------------------
               EOD REPORT              
               ----------              
      Machine Wise Cashier Report      
      ---------------------------      
Date : 11-10-2022           Time : 18:46
----------------------------------------
Mach Clerk Name                   Amount
----------------------------------------
1    2021  Aniita                6022.57
1    411   411                    589.66
2    5486  MANAGER 5486           129.12
2    6536  Matilda               8622.27
3    2021  Aniita                  89.80
3    411   411                    361.26
3    5486  MANAGER 5486             2.54
----------------------------------------
                     Total :    15817.22
                 Total Tax :    -2303.57
                             -----------
               Grand Total :    13513.65
----------------------------------------
  Loyalty Machine Wise Cashier Report  
  -----------------------------------  
Date : 11-10-2022           Time : 18:46
----------------------------------------
Mach Clerk Count    Tot.Amt.    Red.Amt.
----------------------------------------
1    2021    3        50.59         0.00
2    6536    1         1.00         0.00
----------------------------------------
